<?xml version="1.0" encoding="utf-8"?><testsuites name="pytest tests"><testsuite name="pytest" errors="0" failures="0" skipped="0" tests="9" time="1.063" timestamp="2026-07-25T07:04:13.729773+00:00" hostname="agent-env-ef3f385b-9f62-42ca-a639-4c40501ac932"><testcase classname="tests.test_csv_template.TestRegressionExisting" name="test_products_still_works" time="0.241" /><testcase classname="tests.test_csv_template.TestProductsCsvTemplate" name="test_status_200" time="0.235" /><testcase classname="tests.test_csv_template.TestProductsCsvTemplate" name="test_content_type_is_text_csv" time="0.042" /><testcase classname="tests.test_csv_template.TestRegressionExisting" name="test_subscriptions_boxes_still_works" time="0.082" /><testcase classname="tests.test_csv_template.TestProductsCsvTemplate" name="test_content_disposition_attachment_and_filename" time="0.081" /><testcase classname="tests.test_csv_template.TestProductsCsvTemplate" name="test_body_starts_with_expected_header" time="0.079" /><testcase classname="tests.test_csv_template.TestProductsCsvTemplate" name="test_body_has_at_least_5_data_rows" time="0.039" /><testcase classname="tests.test_csv_template.TestProductsCsvTemplate" name="test_public_no_auth_required" time="0.146" /><testcase classname="tests.test_csv_template.TestProductsCsvTemplate" name="test_public_ignores_bogus_bearer_token" time="0.127" /></testsuite></testsuites>