<?xml version="1.0" encoding="utf-8"?><testsuites name="pytest tests"><testsuite name="pytest" errors="0" failures="0" skipped="0" tests="14" time="1.749" timestamp="2026-08-01T10:01:53.707016+00:00" hostname="agent-env-ef3f385b-9f62-42ca-a639-4c40501ac932"><testcase classname="tests.test_phase1_otp_geo.TestOtpSend" name="test_send_valid_mobile_returns_request_id_and_dev_code" time="0.298" /><testcase classname="tests.test_phase1_otp_geo.TestOtpVerify" name="test_verify_valid_returns_token" time="0.346" /><testcase classname="tests.test_phase1_otp_geo.TestOtpSend" name="test_send_10_digit_no_prefix_normalises" time="0.043" /><testcase classname="tests.test_phase1_otp_geo.TestOtpSend" name="test_send_invalid_mobile_returns_400" time="0.041" /><testcase classname="tests.test_phase1_otp_geo.TestOtpVerify" name="test_verify_wrong_otp_returns_400" time="0.171" /><testcase classname="tests.test_phase1_otp_geo.TestGeoReversePin" name="test_bengaluru_central" time="0.043" /><testcase classname="tests.test_phase1_otp_geo.TestGeoReversePin" name="test_out_of_service_zero_coords" time="0.040" /><testcase classname="tests.test_phase1_otp_geo.TestGeoReversePin" name="test_bandra_matches" time="0.042" /><testcase classname="tests.test_phase1_otp_geo.TestRegressions" name="test_email_register_login_still_work" time="0.710" /><testcase classname="tests.test_phase1_otp_geo.TestOtpVerify" name="test_verify_reused_request_id_fails" time="0.367" /><testcase classname="tests.test_phase1_otp_geo.TestOtpVerify" name="test_verify_bad_request_id_returns_400" time="0.043" /><testcase classname="tests.test_phase1_otp_geo.TestOtpVerify" name="test_me_works_with_otp_jwt" time="0.384" /><testcase classname="tests.test_phase1_otp_geo.TestRegressions" name="test_products_count_is_164" time="0.072" /><testcase classname="tests.test_phase1_otp_geo.TestOtpVerify" name="test_verify_any_6_digit_otp_accepted" time="0.088" /></testsuite></testsuites>