<?xml version="1.0" encoding="utf-8"?><testsuites name="pytest tests"><testsuite name="pytest" errors="0" failures="0" skipped="0" tests="13" time="1.367" timestamp="2026-08-01T10:45:43.233790+00:00" hostname="agent-env-ef3f385b-9f62-42ca-a639-4c40501ac932"><testcase classname="tests.test_phase4_cart_checkout.TestRegressions" name="test_deals_still_public" time="0.157" /><testcase classname="tests.test_phase4_cart_checkout.TestAddresses" name="test_list_requires_auth" time="0.110" /><testcase classname="tests.test_phase4_cart_checkout.TestRegressions" name="test_products_list" time="0.048" /><testcase classname="tests.test_phase4_cart_checkout.TestRegressions" name="test_otp_send_and_verify_flow" time="0.086" /><testcase classname="tests.test_phase4_cart_checkout.TestAddresses" name="test_create_invalid_pincode" time="0.207" /><testcase classname="tests.test_phase4_cart_checkout.TestRegressions" name="test_geo_reverse_pin" time="0.087" /><testcase classname="tests.test_phase4_cart_checkout.TestAddresses" name="test_create_first_address_auto_default" time="0.205" /><testcase classname="tests.test_phase4_cart_checkout.TestDeliverySlots" name="test_slots_public" time="0.044" /><testcase classname="tests.test_phase4_cart_checkout.TestAddresses" name="test_second_address_with_default_clears_others" time="0.133" /><testcase classname="tests.test_phase4_cart_checkout.TestOrderPhase4" name="test_place_cod_order_with_slot" time="0.423" /><testcase classname="tests.test_phase4_cart_checkout.TestAddresses" name="test_patch_updates_only_owner" time="0.086" /><testcase classname="tests.test_phase4_cart_checkout.TestAddresses" name="test_set_default_endpoint" time="0.211" /><testcase classname="tests.test_phase4_cart_checkout.TestAddresses" name="test_delete_address" time="0.081" /></testsuite></testsuites>