<?xml version="1.0" encoding="utf-8"?><testsuites name="pytest tests"><testsuite name="pytest" errors="0" failures="0" skipped="0" tests="13" time="2.001" timestamp="2026-08-01T10:18:57.326607+00:00" hostname="agent-env-ef3f385b-9f62-42ca-a639-4c40501ac932"><testcase classname="tests.test_phase2_deals_qba.TestDealsPublicList" name="test_get_deals_returns_seeded_three" time="0.174" /><testcase classname="tests.test_phase2_deals_qba.TestDealsAdminCRUD" name="test_create_deal_requires_admin" time="0.169" /><testcase classname="tests.test_phase2_deals_qba.TestDealsPublicList" name="test_deal_price_math_correct" time="0.263" /><testcase classname="tests.test_phase2_deals_qba.TestDealsAdminCRUD" name="test_full_deal_lifecycle" time="0.738" /><testcase classname="tests.test_phase2_deals_qba.TestDealsPublicList" name="test_deal_object_shape" time="0.084" /><testcase classname="tests.test_phase2_deals_qba.TestQuickBuyAgain" name="test_requires_auth" time="0.041" /><testcase classname="tests.test_phase2_deals_qba.TestQuickBuyAgain" name="test_returns_empty_for_new_user" time="0.138" /><testcase classname="tests.test_phase2_deals_qba.TestQuickBuyAgain" name="test_returns_sorted_after_orders" time="0.770" /><testcase classname="tests.test_phase2_deals_qba.TestDealsAdminCRUD" name="test_delete_nonexistent_deal_404" time="0.042" /><testcase classname="tests.test_phase2_deals_qba.TestDealsAdminCRUD" name="test_create_deal_invalid_product" time="0.040" /><testcase classname="tests.test_phase2_deals_qba.TestRegressions" name="test_products_count_164" time="0.048" /><testcase classname="tests.test_phase2_deals_qba.TestRegressions" name="test_product_detail_works" time="0.096" /><testcase classname="tests.test_phase2_deals_qba.TestRegressions" name="test_pincode_check_works" time="0.044" /></testsuite></testsuites>