<?xml version="1.0" encoding="utf-8"?><testsuites name="pytest tests"><testsuite name="pytest" errors="0" failures="0" skipped="0" tests="65" time="5.248" timestamp="2026-07-25T07:27:42.903032+00:00" hostname="agent-env-ef3f385b-9f62-42ca-a639-4c40501ac932"><testcase classname="tests.test_freshcuts_api.TestSubscriptions" name="test_list_boxes_public" time="0.123" /><testcase classname="tests.test_freshcuts_api.TestProducts" name="test_list_returns_v7_catalog" time="0.166" /><testcase classname="tests.test_freshcuts_api.TestSubscriptions" name="test_create_subscription_requires_auth" time="0.042" /><testcase classname="tests.test_freshcuts_api.TestProducts" name="test_product_has_new_schema_fields" time="0.055" /><testcase classname="tests.test_freshcuts_api.TestProducts" name="test_filter_by_category_cut_veg_multi_cuts" time="0.215" /><testcase classname="tests.test_freshcuts_api.TestSubscriptions" name="test_create_subscription_bad_pincode" time="0.313" /><testcase classname="tests.test_freshcuts_api.TestProducts" name="test_filter_by_category_whole" time="0.041" /><testcase classname="tests.test_freshcuts_api.TestProducts" name="test_filter_by_category_ready_mix" time="0.041" /><testcase classname="tests.test_freshcuts_api.TestSubscriptions" name="test_create_subscription_success" time="0.084" /><testcase classname="tests.test_freshcuts_api.TestProducts" name="test_filter_by_category_cut_fruit" time="0.040" /><testcase classname="tests.test_freshcuts_api.TestProducts" name="test_filter_cut_veg_and_cut_type_sliced" time="0.042" /><testcase classname="tests.test_freshcuts_api.TestSubscriptions" name="test_list_my_subscriptions" time="0.043" /><testcase classname="tests.test_freshcuts_api.TestProducts" name="test_get_product_by_id_has_new_fields" time="0.089" /><testcase classname="tests.test_freshcuts_api.TestSubscriptions" name="test_pause_subscription" time="0.083" /><testcase classname="tests.test_freshcuts_api.TestSubscriptions" name="test_cancel_subscription" time="0.126" /><testcase classname="tests.test_freshcuts_api.TestProducts" name="test_get_product_404" time="0.046" /><testcase classname="tests.test_csv_template.TestProductsCsvTemplate" name="test_status_200" time="0.080" /><testcase classname="tests.test_freshcuts_api.TestSubscriptions" name="test_pause_unknown_subscription_404" time="0.085" /><testcase classname="tests.test_csv_template.TestProductsCsvTemplate" name="test_content_type_is_text_csv" time="0.039" /><testcase classname="tests.test_csv_template.TestProductsCsvTemplate" name="test_content_disposition_attachment_and_filename" time="0.040" /><testcase classname="tests.test_csv_template.TestProductsCsvTemplate" name="test_body_starts_with_expected_header" time="0.040" /><testcase classname="tests.test_cutveg_catalog.TestCutVegCatalog" name="test_cut_veg_has_at_least_60_products" time="0.043" /><testcase classname="tests.test_csv_template.TestProductsCsvTemplate" name="test_body_has_at_least_5_data_rows" time="0.080" /><testcase classname="tests.test_cutveg_catalog.TestCutVegCatalog" name="test_all_cut_veg_have_sku_and_local_name" time="0.044" /><testcase classname="tests.test_cutveg_catalog.TestCutVegCatalog" name="test_cut_veg_skus_are_uppercase_alphanumeric" time="0.045" /><testcase classname="tests.test_csv_template.TestProductsCsvTemplate" name="test_public_no_auth_required" time="0.130" /><testcase classname="tests.test_cutveg_catalog.TestCutVegCatalog" name="test_onion_exists_with_expected_fields" time="0.043" /><testcase classname="tests.test_cutveg_catalog.TestCutVegCatalog" name="test_get_onion_by_id_returns_full_fields" time="0.056" /><testcase classname="tests.test_cutveg_catalog.TestCutTypeFilter" name="test_cut_type_diced_returns_products" time="0.041" /><testcase classname="tests.test_csv_template.TestProductsCsvTemplate" name="test_public_ignores_bogus_bearer_token" time="0.181" /><testcase classname="tests.test_cutveg_catalog.TestCutTypeFilter" name="test_cut_type_case_insensitive_uppercase" time="0.082" /><testcase classname="tests.test_cutveg_catalog.TestCutTypeFilter" name="test_cut_type_partial_match_sliced" time="0.043" /><testcase classname="tests.test_cutveg_catalog.TestCutTypeFilter" name="test_cut_type_rings_returns_onion" time="0.042" /><testcase classname="tests.test_cutveg_catalog.TestProductSearch" name="test_search_by_local_name_pyaj_returns_onion" time="0.040" /><testcase classname="tests.test_cutveg_catalog.TestCutTypeFilter" name="test_cut_type_all_returns_all_cut_veg" time="0.085" /><testcase classname="tests.test_cutveg_catalog.TestProductSearch" name="test_search_by_local_name_case_insensitive" time="0.041" /><testcase classname="tests.test_cutveg_catalog.TestProductSearch" name="test_search_by_sku_returns_onion" time="0.041" /><testcase classname="tests.test_freshcuts_api.TestAuth" name="test_register_and_me" time="0.306" /><testcase classname="tests.test_cutveg_catalog.TestProductSearch" name="test_search_by_partial_sku" time="0.242" /><testcase classname="tests.test_cutveg_catalog.TestProductSearch" name="test_search_by_english_name_still_works" time="0.040" /><testcase classname="tests.test_freshcuts_api.TestAuth" name="test_register_duplicate_email" time="0.041" /><testcase classname="tests.test_freshcuts_api.TestAdminAuth" name="test_create_product_requires_auth" time="0.078" /><testcase classname="tests.test_freshcuts_api.TestAuth" name="test_admin_login" time="0.269" /><testcase classname="tests.test_freshcuts_api.TestAuth" name="test_login_wrong_password" time="0.445" /><testcase classname="tests.test_freshcuts_api.TestAdminAuth" name="test_create_product_forbidden_for_normal_user" time="0.676" /><testcase classname="tests.test_freshcuts_api.TestAuth" name="test_me_without_token" time="0.080" /><testcase classname="tests.test_freshcuts_api.TestAdminAuth" name="test_delete_product_forbidden_for_normal_user" time="0.039" /><testcase classname="tests.test_freshcuts_api.TestAdminAuth" name="test_create_pincode_forbidden_for_normal_user" time="0.082" /><testcase classname="tests.test_freshcuts_api.TestOrders" name="test_create_order_requires_auth" time="0.126" /><testcase classname="tests.test_freshcuts_api.TestAdminAuth" name="test_delete_pincode_requires_auth" time="0.040" /><testcase classname="tests.test_freshcuts_api.TestProductEnrichment" name="test_onion_has_cut_images_field" time="0.043" /><testcase classname="tests.test_freshcuts_api.TestOrders" name="test_create_order_bad_pincode" time="0.129" /><testcase classname="tests.test_freshcuts_api.TestProductEnrichment" name="test_ready_mix_products_have_recipes" time="0.042" /><testcase classname="tests.test_freshcuts_api.TestProductEnrichment" name="test_whole_product_recipes_default_empty" time="0.039" /><testcase classname="tests.test_csv_template.TestRegressionExisting" name="test_products_still_works" time="0.049" /><testcase classname="tests.test_freshcuts_api.TestOrders" name="test_create_order_success_and_persist" time="0.128" /><testcase classname="tests.test_csv_template.TestRegressionExisting" name="test_subscriptions_boxes_still_works" time="0.082" /><testcase classname="tests.test_freshcuts_api.TestPincodes" name="test_check_serviceable_560001" time="0.081" /><testcase classname="tests.test_freshcuts_api.TestOrders" name="test_list_my_orders" time="0.046" /><testcase classname="tests.test_freshcuts_api.TestPincodes" name="test_check_unserviceable_999999" time="0.080" /><testcase classname="tests.test_freshcuts_api.TestStripeCheckout" name="test_checkout_creates_session" time="0.975" /><testcase classname="tests.test_freshcuts_api.TestHealth" name="test_root" time="0.038" /><testcase classname="tests.test_freshcuts_api.TestAdminCRUD" name="test_admin_create_and_delete_product" time="1.200" /><testcase classname="tests.test_freshcuts_api.TestStripeCheckout" name="test_payment_status_returns_fields" time="0.297" /><testcase classname="tests.test_freshcuts_api.TestAdminCRUDContinued" name="test_admin_create_and_delete_pincode" time="0.583" /></testsuite></testsuites>