<?xml version="1.0" encoding="utf-8"?><testsuites name="pytest tests"><testsuite name="pytest" errors="0" failures="0" skipped="0" tests="23" time="2.282" timestamp="2026-08-15T06:13:27.276959+00:00" hostname="agent-env-ef3f385b-9f62-42ca-a639-4c40501ac932"><testcase classname="tests.test_search_subscriptions.TestProductFilters" name="test_synonym_aloo_returns_potato" time="0.137" /><testcase classname="tests.test_search_subscriptions.TestProductFilters" name="test_price_range_filter" time="0.057" /><testcase classname="tests.test_search_subscriptions.TestProductFilters" name="test_min_price_filter" time="0.045" /><testcase classname="tests.test_search_subscriptions.TestSubscriptionsCRUD" name="test_create_requires_auth" time="0.265" /><testcase classname="tests.test_search_subscriptions.TestProductFilters" name="test_in_stock_true_excludes_zero" time="0.055" /><testcase classname="tests.test_search_subscriptions.TestProductFilters" name="test_combined_filters" time="0.042" /><testcase classname="tests.test_search_subscriptions.TestSearchSuggest" name="test_dhaniya_returns_coriander" time="0.042" /><testcase classname="tests.test_search_subscriptions.TestSubscriptionsCRUD" name="test_create_bad_pincode" time="0.149" /><testcase classname="tests.test_search_subscriptions.TestSearchSuggest" name="test_bhindi_returns_okra" time="0.083" /><testcase classname="tests.test_search_subscriptions.TestSubscriptionsCRUD" name="test_create_empty_items" time="0.055" /><testcase classname="tests.test_search_subscriptions.TestSearchSuggest" name="test_short_query_returns_empty" time="0.040" /><testcase classname="tests.test_search_subscriptions.TestSubscriptionsCRUD" name="test_create_weekly_next_date_alignment" time="0.046" /><testcase classname="tests.test_search_subscriptions.TestSubscriptionsCRUD" name="test_list_subscriptions" time="0.261" /><testcase classname="tests.test_search_subscriptions.TestSearchSuggest" name="test_suggest_excludes_unavailable" time="0.477" /><testcase classname="tests.test_search_subscriptions.TestSubscriptionsCRUD" name="test_pause_resume" time="0.104" /><testcase classname="tests.test_search_subscriptions.TestSubscriptionsCRUD" name="test_frequency_change_recomputes" time="0.047" /><testcase classname="tests.test_search_subscriptions.TestSubscriptionsCRUD" name="test_skip_advances_date" time="0.180" /><testcase classname="tests.test_search_subscriptions.TestAdminSubscriptions" name="test_admin_list" time="0.048" /><testcase classname="tests.test_search_subscriptions.TestAdminSubscriptions" name="test_admin_stats_has_active_subs" time="0.048" /><testcase classname="tests.test_search_subscriptions.TestSubscriptionsCRUD" name="test_cancel_excludes_from_list" time="0.094" /><testcase classname="tests.test_search_subscriptions.TestLegacyRemoved" name="test_legacy_endpoints_404[/subscriptions/boxes]" time="0.045" /><testcase classname="tests.test_search_subscriptions.TestLegacyRemoved" name="test_legacy_endpoints_404[/admin/subscription-boxes]" time="0.050" /><testcase classname="tests.test_search_subscriptions.TestAdminSubscriptions" name="test_run_generates_order_for_due" time="0.644" /></testsuite></testsuites>