<?xml version="1.0" encoding="utf-8"?><testsuites name="pytest tests"><testsuite name="pytest" errors="0" failures="0" skipped="0" tests="8" time="2.401" timestamp="2026-08-15T06:40:01.257966+00:00" hostname="agent-env-ef3f385b-9f62-42ca-a639-4c40501ac932"><testcase classname="tests.test_security_audit.TestAdminAuth" name="test_new_admin_password_login" time="0.420" /><testcase classname="tests.test_security_audit.TestOtpSecurity" name="test_otp_send_has_no_dev_code" time="0.124" /><testcase classname="tests.test_security_audit.TestOtpSecurity" name="test_otp_wrong_code_rejected" time="0.354" /><testcase classname="tests.test_security_audit.TestAdminAuth" name="test_old_admin_password_fails_once" time="0.337" /><testcase classname="tests.test_security_audit.TestOtpSecurity" name="test_otp_correct_code_logs_in" time="0.366" /><testcase classname="tests.test_security_audit.TestLoginBruteForceLockout" name="test_lockout_after_5_failures" time="0.658" /><testcase classname="tests.test_security_audit.TestOtpSecurity" name="test_otp_attempt_cap_5_then_429" time="0.892" /><testcase classname="tests.test_security_audit.TestOrderServerPricing" name="test_tampered_price_uses_server_value" time="0.634" /></testsuite></testsuites>